Минск
Барановичи
Слоним
Ганцевичи
Петриков
Лунинец
Бобруйск
Молодечно
Гродно
Мозырь

Орша
Могилев
Брест
Солигорск
Жлобин
Витебск
Гомель
Клецк
Волковыск
Борисов
Глуск
Лида
Калинковичи
Слуцк
Полоцк
Светлогорск
Кобрин
Осиповичи
Речица
Пружаны
Островец
Пинск
Жодино
Костюковичи
Береза
Скидель
Добруш
Вилейка
Малорита
Новополоцк
Крупки
Руденск
Новогрудок
Хотимск
Столбцы
Любань
Горки
Червень
Чечерск
Столин
Жабинка
Толочин
Октябрьский
Новолукомль
Чашники
Докшицы
Зельва
Кличев
Хойники
Смолевичи
Берёзовка
Ошмяны
Давид-Городок
Шарковщина
Шклов
Дрогичин
Сморгонь
Белоозёрск
Ветка
Дятлово
Воложин
Дзержинск
Березино
Житковичи
Поставы
Щучин
Сенно
Каменец
Корма
Глубокое
Славгород
Миоры
Мосты
Узда
Заславль
Дрибин
Михановичи
Климовичи
Круглое
Несвиж
Кричев
Ивацевичи
Логойск
Фаниполь
Свислочь
Марьина горка
Лепель
Кировск
Микашевичи
Ивье
Пуховичи
Брагин
Иваново
Рогачев
Чаусы
Раков
Белыничи
Браслав
Копыль
Лельчицы
Лоев
Наровля
Шумилино
Мядель
Верхнедвинск
Ляховичи
Ельск
Лиозно
Быхов
Бешенковичи
Высокое
Мстиславль
Городок
Вороново
Туров
Прилуки
Ушачи
Кореличи
Россоны
Старые дороги
Чериков
Дисна
Буда-Кошелево
Барань
Большая Берестовица
Василевичи
Дубровно
Россь
Краснополье
Сосновый Бор
PERERVA	ул. Перерва, вл. 11, стр. 28
DM Tower	Новоданиловская наб., д. 10А
"Дегтярный Плейс"	пер. Дегтярный, д. 4
"Ligthhouse"	ул. Валовая, д. 28
"1-ый Зачатьевский, 3"	пер. 1-ый Зачатьевский, д. 3
"Зенит-Интер I"	ул. Александра Лукьянова, д. 3, строение 1
"Мосаларко Плаза"	ул. Марксистская, д. 16
"Домников"	пр. Академика Сахарова, д. 34
"Остоженка, 10"	ул. Остоженка, д. 10
"Большой Саввинский, 9"	пер. Большой Саввинский, д. 9
"Легенда Цветного"	Цветной бульвар, д. 2
"Citydel"	ул. Земляной Вал, д. 9
"Малый Палашевский, 6"	пер. Малый Палашевский, д. 6
"Сокол Бридж"	ул. Куусинена, д. 21 Б
"Кржижановского, 18"	ул. Кржижановского, д. 18, корп. 1
"Басманный"	ул. Старая Басманная, д. 16, корп. 1 Б
"Школа Познера"	ул. Малая Дмитровка, д. 20
"Плеханов Плаза"	пер. Стремянный, д. 38
"Филипповское Подворье"	пер. Филипповский, д. 13, строение 1
"Амбер Плаза"	ул. Краснопролетарская, д 36
"Палаццо на Цветном"	Цветной бульвар, д. 16, корп. 1
"Лотте Плаза"	Новинский бульвар, д. 8
"Бригантина-Холл"	ул. Новолесная, д. 2
"Аптекарский Огород"	проспект Мира, д. 26
"Инженер"	ул. Трубная, д. 23, строение 3
"Астин-Ком"	ул. Малая Дмитровка, д. 16 А, строение 6
"Большой Палашевский, 13/2"	пер. Большой Палашевский, д. 13
"Садовая Галерея"	пл. Малая Сухаревская, д. 12
"Кадашевская слобода"	наб. Кадашевская, д. 32
"Центр 2000"	пл. Тургеневская, д. 2
"Мосэнка Плаза 6"	ул. Воронцовская, д. 17
"Паллау-НК"	ул. Нижняя Красносельская, д. 39
"Чайка-Плаза 1"	пер. Зубарев, д. 15, корп. 1
"Деловой Дом Моховая"	ул. Воздвиженка, д. 4/7, строение 2
"Инженер-А"	ул. Трубная, д. 21
"Этмия 2"	ул. Щепкина, д. 31-33
"Елоховский"	ул. Спартаковская, д. 12
"Чайка-Плаза 7"	ул. Новослободская, д. 41
"Бородино Плаза"	ул. Русаковская, д. 13
"Легион III"	ул. Киевская, д. 3-7
"Riverside Towers"	наб. Космодамианская, д. 5252
"Парус"	ул. 1-я Тверская-Ямская, д. 23, строение 1
"Демидов двор"	пер. Большой Демидовский, д. 12
"Павелецкая Плаза"	Павелецкая площадь, д. 2
"Двинцев"	ул. Двинцев, д. 12-14
"Московит"	пр. Олимпийский, д. 7
"Красная роза 1875"	ул. Тимура Фрунзе, д. 11
"Токо Тауэр"	наб. Краснопресненская, д. 6
"Метрополис"	шоссе Ленинградское, д. 16 А
"Александр Хаус"	ул. Большая Якиманка, д. 1
"Смоленский Пассаж"	пл. Смоленская, д. 3
"Сретенка Комплекс"	пер. Последний, д. 17-23
"Белая Площадь"	ул. Лесная, д. 5
"Олимпик Плаза 2"	просп. Мира, д. 39, строение 2
"Большой Гнездниковский, 1"	пер. Большой Гнездниковский, д. 1, строение 1
"Таганский Пассаж"	ул. Таганская, д. 3
"Волконский"	пер. 2-й Волконский, д. 10
"Вознесенский"	пер. Большой Гнездниковский, д. 1, строение 2
"Рождественский, 17"	Рождественский бульвар, д. 17
"Энерджи Хаус"	Раушская наб., д. 16
"Рождественка, 17"	ул. Рождественка, д. 17
"На Кржижановского"	ул. Кржижановского, д. 16, корп. 1
"Павловский II"	ул. Павловская, д. 7, строение 1
"Омега Плаза"	ул. Ленинская Слобода, д. 19
"Пульман"	ул. Мясницкая, д. 50
"Gorky Park Tower"	пр. Ленинский, д. 15 А
"Олимпик Плаза 1"	просп. Мира, д. 33, корп. 1
"Никитский, 5"	пер. Никитский, д. 5
"PREO 8"	площадь Преображенская, д. 8
"Домус"	пер. 1-й Голутвинский, д. 1
"Онегин"	ул. Малая Полянка, д. 2
"Аврора"	ул. Садовническая, д. 82, строение 2
"Сретенка, 18"	ул. Сретенка, д. 18
"МонАрх Центр"	пр. Ленинградский, д. 31, строения 2,3
"Дом Чаплыгина"	ул. Чаплыгина, д. 20, строение 7
PERERVA	ул. Перерва, вл. 11, стр. 28
DM Tower	Новоданиловская наб., д. 10А
"Дегтярный Плейс"	пер. Дегтярный, д. 4
"Ligthhouse"	ул. Валовая, д. 28
"1-ый Зачатьевский, 3"	пер. 1-ый Зачатьевский, д. 3
"Зенит-Интер I"	ул. Александра Лукьянова, д. 3, строение 1
"Мосаларко Плаза"	ул. Марксистская, д. 16
"Домников"	пр. Академика Сахарова, д. 34
"Остоженка, 10"	ул. Остоженка, д. 10
"Большой Саввинский, 9"	пер. Большой Саввинский, д. 9
"Легенда Цветного"	Цветной бульвар, д. 2
"Citydel"	ул. Земляной Вал, д. 9
"Малый Палашевский, 6"	пер. Малый Палашевский, д. 6
"Сокол Бридж"	ул. Куусинена, д. 21 Б
"Кржижановского, 18"	ул. Кржижановского, д. 18, корп. 1
"Басманный"	ул. Старая Басманная, д. 16, корп. 1 Б
"Школа Познера"	ул. Малая Дмитровка, д. 20
"Плеханов Плаза"	пер. Стремянный, д. 38
"Филипповское Подворье"	пер. Филипповский, д. 13, строение 1
"Амбер Плаза"	ул. Краснопролетарская, д 36
"Палаццо на Цветном"	Цветной бульвар, д. 16, корп. 1
"Лотте Плаза"	Новинский бульвар, д. 8
"Бригантина-Холл"	ул. Новолесная, д. 2
"Аптекарский Огород"	проспект Мира, д. 26
"Инженер"	ул. Трубная, д. 23, строение 3
"Астин-Ком"	ул. Малая Дмитровка, д. 16 А, строение 6
"Большой Палашевский, 13/2"	пер. Большой Палашевский, д. 13
"Садовая Галерея"	пл. Малая Сухаревская, д. 12
"Кадашевская слобода"	наб. Кадашевская, д. 32
"Центр 2000"	пл. Тургеневская, д. 2
"Мосэнка Плаза 6"	ул. Воронцовская, д. 17
"Паллау-НК"	ул. Нижняя Красносельская, д. 39
"Чайка-Плаза 1"	пер. Зубарев, д. 15, корп. 1
"Деловой Дом Моховая"	ул. Воздвиженка, д. 4/7, строение 2
"Инженер-А"	ул. Трубная, д. 21
"Этмия 2"	ул. Щепкина, д. 31-33
"Елоховский"	ул. Спартаковская, д. 12
"Чайка-Плаза 7"	ул. Новослободская, д. 41
"Бородино Плаза"	ул. Русаковская, д. 13
"Легион III"	ул. Киевская, д. 3-7
"Riverside Towers"	наб. Космодамианская, д. 5252
"Парус"	ул. 1-я Тверская-Ямская, д. 23, строение 1
"Демидов двор"	пер. Большой Демидовский, д. 12
"Павелецкая Плаза"	Павелецкая площадь, д. 2
"Двинцев"	ул. Двинцев, д. 12-14
"Московит"	пр. Олимпийский, д. 7
"Красная роза 1875"	ул. Тимура Фрунзе, д. 11
"Токо Тауэр"	наб. Краснопресненская, д. 6
"Метрополис"	шоссе Ленинградское, д. 16 А
"Александр Хаус"	ул. Большая Якиманка, д. 1
"Смоленский Пассаж"	пл. Смоленская, д. 3
"Сретенка Комплекс"	пер. Последний, д. 17-23
"Белая Площадь"	ул. Лесная, д. 5
"Олимпик Плаза 2"	просп. Мира, д. 39, строение 2
"Большой Гнездниковский, 1"	пер. Большой Гнездниковский, д. 1, строение 1
"Таганский Пассаж"	ул. Таганская, д. 3
"Волконский"	пер. 2-й Волконский, д. 10
"Вознесенский"	пер. Большой Гнездниковский, д. 1, строение 2
"Рождественский, 17"	Рождественский бульвар, д. 17
"Энерджи Хаус"	Раушская наб., д. 16
"Рождественка, 17"	ул. Рождественка, д. 17
"На Кржижановского"	ул. Кржижановского, д. 16, корп. 1
"Павловский II"	ул. Павловская, д. 7, строение 1
"Омега Плаза"	ул. Ленинская Слобода, д. 19
"Пульман"	ул. Мясницкая, д. 50
"Gorky Park Tower"	пр. Ленинский, д. 15 А
"Олимпик Плаза 1"	просп. Мира, д. 33, корп. 1
"Никитский, 5"	пер. Никитский, д. 5
"PREO 8"	площадь Преображенская, д. 8
"Домус"	пер. 1-й Голутвинский, д. 1
"Онегин"	ул. Малая Полянка, д. 2
"Аврора"	ул. Садовническая, д. 82, строение 2
"Сретенка, 18"	ул. Сретенка, д. 18
"МонАрх Центр"	пр. Ленинградский, д. 31, строения 2,3
"Дом Чаплыгина"	ул. Чаплыгина, д. 20, строение 7
PERERVA	ул. Перерва, вл. 11, стр. 28
DM Tower	Новоданиловская наб., д. 10А
"Дегтярный Плейс"	пер. Дегтярный, д. 4
"Ligthhouse"	ул. Валовая, д. 28
"1-ый Зачатьевский, 3"	пер. 1-ый Зачатьевский, д. 3
"Зенит-Интер I"	ул. Александра Лукьянова, д. 3, строение 1
"Мосаларко Плаза"	ул. Марксистская, д. 16
"Домников"	пр. Академика Сахарова, д. 34
"Остоженка, 10"	ул. Остоженка, д. 10
"Большой Саввинский, 9"	пер. Большой Саввинский, д. 9
"Легенда Цветного"	Цветной бульвар, д. 2
"Citydel"	ул. Земляной Вал, д. 9
"Малый Палашевский, 6"	пер. Малый Палашевский, д. 6
"Сокол Бридж"	ул. Куусинена, д. 21 Б
"Кржижановского, 18"	ул. Кржижановского, д. 18, корп. 1
"Басманный"	ул. Старая Басманная, д. 16, корп. 1 Б
"Школа Познера"	ул. Малая Дмитровка, д. 20
"Плеханов Плаза"	пер. Стремянный, д. 38
"Филипповское Подворье"	пер. Филипповский, д. 13, строение 1
"Амбер Плаза"	ул. Краснопролетарская, д 36
"Палаццо на Цветном"	Цветной бульвар, д. 16, корп. 1
"Лотте Плаза"	Новинский бульвар, д. 8
"Бригантина-Холл"	ул. Новолесная, д. 2
"Аптекарский Огород"	проспект Мира, д. 26
"Инженер"	ул. Трубная, д. 23, строение 3
"Астин-Ком"	ул. Малая Дмитровка, д. 16 А, строение 6
"Большой Палашевский, 13/2"	пер. Большой Палашевский, д. 13
"Садовая Галерея"	пл. Малая Сухаревская, д. 12
"Кадашевская слобода"	наб. Кадашевская, д. 32
"Центр 2000"	пл. Тургеневская, д. 2
"Мосэнка Плаза 6"	ул. Воронцовская, д. 17
"Паллау-НК"	ул. Нижняя Красносельская, д. 39
"Чайка-Плаза 1"	пер. Зубарев, д. 15, корп. 1
"Деловой Дом Моховая"	ул. Воздвиженка, д. 4/7, строение 2
"Инженер-А"	ул. Трубная, д. 21
"Этмия 2"	ул. Щепкина, д. 31-33
"Елоховский"	ул. Спартаковская, д. 12
"Чайка-Плаза 7"	ул. Новослободская, д. 41
"Бородино Плаза"	ул. Русаковская, д. 13
"Легион III"	ул. Киевская, д. 3-7
"Riverside Towers"	наб. Космодамианская, д. 5252
"Парус"	ул. 1-я Тверская-Ямская, д. 23, строение 1
"Демидов двор"	пер. Большой Демидовский, д. 12
"Павелецкая Плаза"	Павелецкая площадь, д. 2
"Двинцев"	ул. Двинцев, д. 12-14
"Московит"	пр. Олимпийский, д. 7
"Красная роза 1875"	ул. Тимура Фрунзе, д. 11
"Токо Тауэр"	наб. Краснопресненская, д. 6
"Метрополис"	шоссе Ленинградское, д. 16 А
"Александр Хаус"	ул. Большая Якиманка, д. 1
"Смоленский Пассаж"	пл. Смоленская, д. 3
"Сретенка Комплекс"	пер. Последний, д. 17-23
"Белая Площадь"	ул. Лесная, д. 5
"Олимпик Плаза 2"	просп. Мира, д. 39, строение 2
"Большой Гнездниковский, 1"	пер. Большой Гнездниковский, д. 1, строение 1
"Таганский Пассаж"	ул. Таганская, д. 3
"Волконский"	пер. 2-й Волконский, д. 10
"Вознесенский"	пер. Большой Гнездниковский, д. 1, строение 2
"Рождественский, 17"	Рождественский бульвар, д. 17
"Энерджи Хаус"	Раушская наб., д. 16
"Рождественка, 17"	ул. Рождественка, д. 17
"На Кржижановского"	ул. Кржижановского, д. 16, корп. 1
"Павловский II"	ул. Павловская, д. 7, строение 1
"Омега Плаза"	ул. Ленинская Слобода, д. 19
"Пульман"	ул. Мясницкая, д. 50
"Gorky Park Tower"	пр. Ленинский, д. 15 А
"Олимпик Плаза 1"	просп. Мира, д. 33, корп. 1
"Никитский, 5"	пер. Никитский, д. 5
"PREO 8"	площадь Преображенская, д. 8
"Домус"	пер. 1-й Голутвинский, д. 1
"Онегин"	ул. Малая Полянка, д. 2
"Аврора"	ул. Садовническая, д. 82, строение 2
"Сретенка, 18"	ул. Сретенка, д. 18
"МонАрх Центр"	пр. Ленинградский, д. 31, строения 2,3
"Дом Чаплыгина"	ул. Чаплыгина, д. 20, строение 7
PERERVA	ул. Перерва, вл. 11, стр. 28
DM Tower	Новоданиловская наб., д. 10А
"Дегтярный Плейс"	пер. Дегтярный, д. 4
"Ligthhouse"	ул. Валовая, д. 28
"1-ый Зачатьевский, 3"	пер. 1-ый Зачатьевский, д. 3
"Зенит-Интер I"	ул. Александра Лукьянова, д. 3, строение 1
"Мосаларко Плаза"	ул. Марксистская, д. 16
"Домников"	пр. Академика Сахарова, д. 34
"Остоженка, 10"	ул. Остоженка, д. 10
"Большой Саввинский, 9"	пер. Большой Саввинский, д. 9
"Легенда Цветного"	Цветной бульвар, д. 2
"Citydel"	ул. Земляной Вал, д. 9
"Малый Палашевский, 6"	пер. Малый Палашевский, д. 6
"Сокол Бридж"	ул. Куусинена, д. 21 Б
"Кржижановского, 18"	ул. Кржижановского, д. 18, корп. 1
"Басманный"	ул. Старая Басманная, д. 16, корп. 1 Б
"Школа Познера"	ул. Малая Дмитровка, д. 20
"Плеханов Плаза"	пер. Стремянный, д. 38
"Филипповское Подворье"	пер. Филипповский, д. 13, строение 1
"Амбер Плаза"	ул. Краснопролетарская, д 36
"Палаццо на Цветном"	Цветной бульвар, д. 16, корп. 1
"Лотте Плаза"	Новинский бульвар, д. 8
"Бригантина-Холл"	ул. Новолесная, д. 2
"Аптекарский Огород"	проспект Мира, д. 26
"Инженер"	ул. Трубная, д. 23, строение 3
"Астин-Ком"	ул. Малая Дмитровка, д. 16 А, строение 6
"Большой Палашевский, 13/2"	пер. Большой Палашевский, д. 13
"Садовая Галерея"	пл. Малая Сухаревская, д. 12
"Кадашевская слобода"	наб. Кадашевская, д. 32
"Центр 2000"	пл. Тургеневская, д. 2
"Мосэнка Плаза 6"	ул. Воронцовская, д. 17
"Паллау-НК"	ул. Нижняя Красносельская, д. 39
"Чайка-Плаза 1"	пер. Зубарев, д. 15, корп. 1
"Деловой Дом Моховая"	ул. Воздвиженка, д. 4/7, строение 2
"Инженер-А"	ул. Трубная, д. 21
"Этмия 2"	ул. Щепкина, д. 31-33
"Елоховский"	ул. Спартаковская, д. 12
"Чайка-Плаза 7"	ул. Новослободская, д. 41
"Бородино Плаза"	ул. Русаковская, д. 13
"Легион III"	ул. Киевская, д. 3-7
"Riverside Towers"	наб. Космодамианская, д. 5252
"Парус"	ул. 1-я Тверская-Ямская, д. 23, строение 1
"Демидов двор"	пер. Большой Демидовский, д. 12
"Павелецкая Плаза"	Павелецкая площадь, д. 2
"Двинцев"	ул. Двинцев, д. 12-14
"Московит"	пр. Олимпийский, д. 7
"Красная роза 1875"	ул. Тимура Фрунзе, д. 11
"Токо Тауэр"	наб. Краснопресненская, д. 6
"Метрополис"	шоссе Ленинградское, д. 16 А
"Александр Хаус"	ул. Большая Якиманка, д. 1
"Смоленский Пассаж"	пл. Смоленская, д. 3
"Сретенка Комплекс"	пер. Последний, д. 17-23
"Белая Площадь"	ул. Лесная, д. 5
"Олимпик Плаза 2"	просп. Мира, д. 39, строение 2
"Большой Гнездниковский, 1"	пер. Большой Гнездниковский, д. 1, строение 1
"Таганский Пассаж"	ул. Таганская, д. 3
"Волконский"	пер. 2-й Волконский, д. 10
"Вознесенский"	пер. Большой Гнездниковский, д. 1, строение 2
"Рождественский, 17"	Рождественский бульвар, д. 17
"Энерджи Хаус"	Раушская наб., д. 16
"Рождественка, 17"	ул. Рождественка, д. 17
"На Кржижановского"	ул. Кржижановского, д. 16, корп. 1
"Павловский II"	ул. Павловская, д. 7, строение 1
"Омега Плаза"	ул. Ленинская Слобода, д. 19
"Пульман"	ул. Мясницкая, д. 50
"Gorky Park Tower"	пр. Ленинский, д. 15 А
"Олимпик Плаза 1"	просп. Мира, д. 33, корп. 1
"Никитский, 5"	пер. Никитский, д. 5
"PREO 8"	площадь Преображенская, д. 8
"Домус"	пер. 1-й Голутвинский, д. 1
"Онегин"	ул. Малая Полянка, д. 2
"Аврора"	ул. Садовническая, д. 82, строение 2
"Сретенка, 18"	ул. Сретенка, д. 18
"МонАрх Центр"	пр. Ленинградский, д. 31, строения 2,3
"Дом Чаплыгина"	ул. Чаплыгина, д. 20, строение 7
PERERVA	ул. Перерва, вл. 11, стр. 28
DM Tower	Новоданиловская наб., д. 10А
"Дегтярный Плейс"	пер. Дегтярный, д. 4
"Ligthhouse"	ул. Валовая, д. 28
"1-ый Зачатьевский, 3"	пер. 1-ый Зачатьевский, д. 3
"Зенит-Интер I"	ул. Александра Лукьянова, д. 3, строение 1
"Мосаларко Плаза"	ул. Марксистская, д. 16
"Домников"	пр. Академика Сахарова, д. 34
"Остоженка, 10"	ул. Остоженка, д. 10
"Большой Саввинский, 9"	пер. Большой Саввинский, д. 9
"Легенда Цветного"	Цветной бульвар, д. 2
"Citydel"	ул. Земляной Вал, д. 9
"Малый Палашевский, 6"	пер. Малый Палашевский, д. 6
"Сокол Бридж"	ул. Куусинена, д. 21 Б
"Кржижановского, 18"	ул. Кржижановского, д. 18, корп. 1
"Басманный"	ул. Старая Басманная, д. 16, корп. 1 Б
"Школа Познера"	ул. Малая Дмитровка, д. 20
"Плеханов Плаза"	пер. Стремянный, д. 38
"Филипповское Подворье"	пер. Филипповский, д. 13, строение 1
"Амбер Плаза"	ул. Краснопролетарская, д 36
"Палаццо на Цветном"	Цветной бульвар, д. 16, корп. 1
"Лотте Плаза"	Новинский бульвар, д. 8
"Бригантина-Холл"	ул. Новолесная, д. 2
"Аптекарский Огород"	проспект Мира, д. 26
"Инженер"	ул. Трубная, д. 23, строение 3
"Астин-Ком"	ул. Малая Дмитровка, д. 16 А, строение 6
"Большой Палашевский, 13/2"	пер. Большой Палашевский, д. 13
"Садовая Галерея"	пл. Малая Сухаревская, д. 12
"Кадашевская слобода"	наб. Кадашевская, д. 32
"Центр 2000"	пл. Тургеневская, д. 2
"Мосэнка Плаза 6"	ул. Воронцовская, д. 17
"Паллау-НК"	ул. Нижняя Красносельская, д. 39
"Чайка-Плаза 1"	пер. Зубарев, д. 15, корп. 1
"Деловой Дом Моховая"	ул. Воздвиженка, д. 4/7, строение 2
"Инженер-А"	ул. Трубная, д. 21
"Этмия 2"	ул. Щепкина, д. 31-33
"Елоховский"	ул. Спартаковская, д. 12
"Чайка-Плаза 7"	ул. Новослободская, д. 41
"Бородино Плаза"	ул. Русаковская, д. 13
"Легион III"	ул. Киевская, д. 3-7
"Riverside Towers"	наб. Космодамианская, д. 5252
"Парус"	ул. 1-я Тверская-Ямская, д. 23, строение 1
"Демидов двор"	пер. Большой Демидовский, д. 12
"Павелецкая Плаза"	Павелецкая площадь, д. 2
"Двинцев"	ул. Двинцев, д. 12-14
"Московит"	пр. Олимпийский, д. 7
"Красная роза 1875"	ул. Тимура Фрунзе, д. 11
"Токо Тауэр"	наб. Краснопресненская, д. 6
"Метрополис"	шоссе Ленинградское, д. 16 А
"Александр Хаус"	ул. Большая Якиманка, д. 1
"Смоленский Пассаж"	пл. Смоленская, д. 3
"Сретенка Комплекс"	пер. Последний, д. 17-23
"Белая Площадь"	ул. Лесная, д. 5
"Олимпик Плаза 2"	просп. Мира, д. 39, строение 2
"Большой Гнездниковский, 1"	пер. Большой Гнездниковский, д. 1, строение 1
"Таганский Пассаж"	ул. Таганская, д. 3
"Волконский"	пер. 2-й Волконский, д. 10
"Вознесенский"	пер. Большой Гнездниковский, д. 1, строение 2
"Рождественский, 17"	Рождественский бульвар, д. 17
"Энерджи Хаус"	Раушская наб., д. 16
"Рождественка, 17"	ул. Рождественка, д. 17
"На Кржижановского"	ул. Кржижановского, д. 16, корп. 1
"Павловский II"	ул. Павловская, д. 7, строение 1
"Омега Плаза"	ул. Ленинская Слобода, д. 19
"Пульман"	ул. Мясницкая, д. 50
"Gorky Park Tower"	пр. Ленинский, д. 15 А
"Олимпик Плаза 1"	просп. Мира, д. 33, корп. 1
"Никитский, 5"	пер. Никитский, д. 5
"PREO 8"	площадь Преображенская, д. 8
"Домус"	пер. 1-й Голутвинский, д. 1
"Онегин"	ул. Малая Полянка, д. 2
"Аврора"	ул. Садовническая, д. 82, строение 2
"Сретенка, 18"	ул. Сретенка, д. 18
"МонАрх Центр"	пр. Ленинградский, д. 31, строения 2,3
"Дом Чаплыгина"	ул. Чаплыгина, д. 20, строение 7
PERERVA	ул. Перерва, вл. 11, стр. 28
DM Tower	Новоданиловская наб., д. 10А
"Дегтярный Плейс"	пер. Дегтярный, д. 4
"Ligthhouse"	ул. Валовая, д. 28
"1-ый Зачатьевский, 3"	пер. 1-ый Зачатьевский, д. 3
"Зенит-Интер I"	ул. Александра Лукьянова, д. 3, строение 1
"Мосаларко Плаза"	ул. Марксистская, д. 16
"Домников"	пр. Академика Сахарова, д. 34
"Остоженка, 10"	ул. Остоженка, д. 10
"Большой Саввинский, 9"	пер. Большой Саввинский, д. 9
"Легенда Цветного"	Цветной бульвар, д. 2
"Citydel"	ул. Земляной Вал, д. 9
"Малый Палашевский, 6"	пер. Малый Палашевский, д. 6
"Сокол Бридж"	ул. Куусинена, д. 21 Б
"Кржижановского, 18"	ул. Кржижановского, д. 18, корп. 1
"Басманный"	ул. Старая Басманная, д. 16, корп. 1 Б
"Школа Познера"	ул. Малая Дмитровка, д. 20
"Плеханов Плаза"	пер. Стремянный, д. 38
"Филипповское Подворье"	пер. Филипповский, д. 13, строение 1
"Амбер Плаза"	ул. Краснопролетарская, д 36
"Палаццо на Цветном"	Цветной бульвар, д. 16, корп. 1
"Лотте Плаза"	Новинский бульвар, д. 8
"Бригантина-Холл"	ул. Новолесная, д. 2
"Аптекарский Огород"	проспект Мира, д. 26
"Инженер"	ул. Трубная, д. 23, строение 3
"Астин-Ком"	ул. Малая Дмитровка, д. 16 А, строение 6
"Большой Палашевский, 13/2"	пер. Большой Палашевский, д. 13
"Садовая Галерея"	пл. Малая Сухаревская, д. 12
"Кадашевская слобода"	наб. Кадашевская, д. 32
"Центр 2000"	пл. Тургеневская, д. 2
"Мосэнка Плаза 6"	ул. Воронцовская, д. 17
"Паллау-НК"	ул. Нижняя Красносельская, д. 39
"Чайка-Плаза 1"	пер. Зубарев, д. 15, корп. 1
"Деловой Дом Моховая"	ул. Воздвиженка, д. 4/7, строение 2
"Инженер-А"	ул. Трубная, д. 21
"Этмия 2"	ул. Щепкина, д. 31-33
"Елоховский"	ул. Спартаковская, д. 12
"Чайка-Плаза 7"	ул. Новослободская, д. 41
"Бородино Плаза"	ул. Русаковская, д. 13
"Легион III"	ул. Киевская, д. 3-7
"Riverside Towers"	наб. Космодамианская, д. 5252
"Парус"	ул. 1-я Тверская-Ямская, д. 23, строение 1
"Демидов двор"	пер. Большой Демидовский, д. 12
"Павелецкая Плаза"	Павелецкая площадь, д. 2
"Двинцев"	ул. Двинцев, д. 12-14
"Московит"	пр. Олимпийский, д. 7
"Красная роза 1875"	ул. Тимура Фрунзе, д. 11
"Токо Тауэр"	наб. Краснопресненская, д. 6
"Метрополис"	шоссе Ленинградское, д. 16 А
"Александр Хаус"	ул. Большая Якиманка, д. 1
"Смоленский Пассаж"	пл. Смоленская, д. 3
"Сретенка Комплекс"	пер. Последний, д. 17-23
"Белая Площадь"	ул. Лесная, д. 5
"Олимпик Плаза 2"	просп. Мира, д. 39, строение 2
"Большой Гнездниковский, 1"	пер. Большой Гнездниковский, д. 1, строение 1
"Таганский Пассаж"	ул. Таганская, д. 3
"Волконский"	пер. 2-й Волконский, д. 10
"Вознесенский"	пер. Большой Гнездниковский, д. 1, строение 2
"Рождественский, 17"	Рождественский бульвар, д. 17
"Энерджи Хаус"	Раушская наб., д. 16
"Рождественка, 17"	ул. Рождественка, д. 17
"На Кржижановского"	ул. Кржижановского, д. 16, корп. 1
"Павловский II"	ул. Павловская, д. 7, строение 1
"Омега Плаза"	ул. Ленинская Слобода, д. 19
"Пульман"	ул. Мясницкая, д. 50
"Gorky Park Tower"	пр. Ленинский, д. 15 А
"Олимпик Плаза 1"	просп. Мира, д. 33, корп. 1
"Никитский, 5"	пер. Никитский, д. 5
"PREO 8"	площадь Преображенская, д. 8
"Домус"	пер. 1-й Голутвинский, д. 1
"Онегин"	ул. Малая Полянка, д. 2
"Аврора"	ул. Садовническая, д. 82, строение 2
"Сретенка, 18"	ул. Сретенка, д. 18
"МонАрх Центр"	пр. Ленинградский, д. 31, строения 2,3
"Дом Чаплыгина"	ул. Чаплыгина, д. 20, строение 7
PERERVA	ул. Перерва, вл. 11, стр. 28
DM Tower	Новоданиловская наб., д. 10А
"Дегтярный Плейс"	пер. Дегтярный, д. 4
"Ligthhouse"	ул. Валовая, д. 28
"1-ый Зачатьевский, 3"	пер. 1-ый Зачатьевский, д. 3
"Зенит-Интер I"	ул. Александра Лукьянова, д. 3, строение 1
"Мосаларко Плаза"	ул. Марксистская, д. 16
"Домников"	пр. Академика Сахарова, д. 34
"Остоженка, 10"	ул. Остоженка, д. 10
"Большой Саввинский, 9"	пер. Большой Саввинский, д. 9
"Легенда Цветного"	Цветной бульвар, д. 2
"Citydel"	ул. Земляной Вал, д. 9
"Малый Палашевский, 6"	пер. Малый Палашевский, д. 6
"Сокол Бридж"	ул. Куусинена, д. 21 Б
"Кржижановского, 18"	ул. Кржижановского, д. 18, корп. 1
"Басманный"	ул. Старая Басманная, д. 16, корп. 1 Б
"Школа Познера"	ул. Малая Дмитровка, д. 20
"Плеханов Плаза"	пер. Стремянный, д. 38
"Филипповское Подворье"	пер. Филипповский, д. 13, строение 1
"Амбер Плаза"	ул. Краснопролетарская, д 36
"Палаццо на Цветном"	Цветной бульвар, д. 16, корп. 1
"Лотте Плаза"	Новинский бульвар, д. 8
"Бригантина-Холл"	ул. Новолесная, д. 2
"Аптекарский Огород"	проспект Мира, д. 26
"Инженер"	ул. Трубная, д. 23, строение 3
"Астин-Ком"	ул. Малая Дмитровка, д. 16 А, строение 6
"Большой Палашевский, 13/2"	пер. Большой Палашевский, д. 13
"Садовая Галерея"	пл. Малая Сухаревская, д. 12
"Кадашевская слобода"	наб. Кадашевская, д. 32
"Центр 2000"	пл. Тургеневская, д. 2
"Мосэнка Плаза 6"	ул. Воронцовская, д. 17
"Паллау-НК"	ул. Нижняя Красносельская, д. 39
"Чайка-Плаза 1"	пер. Зубарев, д. 15, корп. 1
"Деловой Дом Моховая"	ул. Воздвиженка, д. 4/7, строение 2
"Инженер-А"	ул. Трубная, д. 21
"Этмия 2"	ул. Щепкина, д. 31-33
"Елоховский"	ул. Спартаковская, д. 12
"Чайка-Плаза 7"	ул. Новослободская, д. 41
"Бородино Плаза"	ул. Русаковская, д. 13
"Легион III"	ул. Киевская, д. 3-7
"Riverside Towers"	наб. Космодамианская, д. 5252
"Парус"	ул. 1-я Тверская-Ямская, д. 23, строение 1
"Демидов двор"	пер. Большой Демидовский, д. 12
"Павелецкая Плаза"	Павелецкая площадь, д. 2
"Двинцев"	ул. Двинцев, д. 12-14
"Московит"	пр. Олимпийский, д. 7
"Красная роза 1875"	ул. Тимура Фрунзе, д. 11
"Токо Тауэр"	наб. Краснопресненская, д. 6
"Метрополис"	шоссе Ленинградское, д. 16 А
"Александр Хаус"	ул. Большая Якиманка, д. 1
"Смоленский Пассаж"	пл. Смоленская, д. 3
"Сретенка Комплекс"	пер. Последний, д. 17-23
"Белая Площадь"	ул. Лесная, д. 5
"Олимпик Плаза 2"	просп. Мира, д. 39, строение 2
"Большой Гнездниковский, 1"	пер. Большой Гнездниковский, д. 1, строение 1
"Таганский Пассаж"	ул. Таганская, д. 3
"Волконский"	пер. 2-й Волконский, д. 10
"Вознесенский"	пер. Большой Гнездниковский, д. 1, строение 2
"Рождественский, 17"	Рождественский бульвар, д. 17
"Энерджи Хаус"	Раушская наб., д. 16
"Рождественка, 17"	ул. Рождественка, д. 17
"На Кржижановского"	ул. Кржижановского, д. 16, корп. 1
"Павловский II"	ул. Павловская, д. 7, строение 1
"Омега Плаза"	ул. Ленинская Слобода, д. 19
"Пульман"	ул. Мясницкая, д. 50
"Gorky Park Tower"	пр. Ленинский, д. 15 А
"Олимпик Плаза 1"	просп. Мира, д. 33, корп. 1
"Никитский, 5"	пер. Никитский, д. 5
"PREO 8"	площадь Преображенская, д. 8
"Домус"	пер. 1-й Голутвинский, д. 1
"Онегин"	ул. Малая Полянка, д. 2
"Аврора"	ул. Садовническая, д. 82, строение 2
"Сретенка, 18"	ул. Сретенка, д. 18
"МонАрх Центр"	пр. Ленинградский, д. 31, строения 2,3
"Дом Чаплыгина"	ул. Чаплыгина, д. 20, строение 7
