Лунинец
Минск
Бобруйск
Молодечно
Гродно
Мозырь
Барановичи

Орша
Могилев
Брест
Солигорск
Жлобин
Витебск
Гомель
Клецк
Волковыск
Борисов
Глуск
Лида
Калинковичи
Слоним
Слуцк
Полоцк
Светлогорск
Кобрин
Осиповичи
Речица
Пружаны
Островец
Пинск
Жодино
Костюковичи
Береза
Скидель
Добруш
Вилейка
Малорита
Новополоцк
Крупки
Руденск
Новогрудок
Хотимск
Столбцы
Любань
Горки
Червень
Чечерск
Столин
Жабинка
Толочин
Октябрьский
Новолукомль
Чашники
Докшицы
Зельва
Кличев
Хойники
Смолевичи
Берёзовка
Ошмяны
Давид-Городок
Шарковщина
Шклов
Дрогичин
Сморгонь
Белоозёрск
Ветка
Дятлово
Воложин
Дзержинск
Березино
Житковичи
Поставы
Щучин
Ганцевичи
Сенно
Петриков
Каменец
Корма
Глубокое
Славгород
Миоры
Мосты
Узда
Заславль
Дрибин
Михановичи
Климовичи
Круглое
Несвиж
Кричев
Ивацевичи
Логойск
Фаниполь
Свислочь
Марьина горка
Лепель
Кировск
Микашевичи
Ивье
Пуховичи
Брагин
Иваново
Рогачев
Чаусы
Раков
Белыничи
Браслав
Копыль
Лельчицы
Лоев
Наровля
Шумилино
Мядель
Верхнедвинск
Ляховичи
Ельск
Лиозно
Быхов
Бешенковичи
Высокое
Мстиславль
Городок
Вороново
Туров
Прилуки
Ушачи
Кореличи
Россоны
Старые дороги
Чериков
Дисна
Буда-Кошелево
Барань
Большая Берестовица
Василевичи
Дубровно
Россь
Краснополье
Сосновый Бор
